<?xml version="1.0" encoding="UTF-8" ?>
<testsuite tests="4" failures="0" name="hackerrank.PrivateUnitTest" time="0.006" errors="0" skipped="0">
  <properties>
[...]
</properties>
  <testcase classname="hackerrank.PrivateUnitTest" name="_08_orderNothing" time="0.003"/>
  <testcase classname="hackerrank.PrivateUnitTest" name="_09_placeOrders" time="0"/>
  <testcase classname="hackerrank.PrivateUnitTest" name="_10_validateFurnitureCostAndQuantity" time="0.002"/>
  <testcase classname="hackerrank.PrivateUnitTest" name="_11_validateFurniture" time="0.001"/>
</testsuite>